# JRE version: Java(TM) SE Runtime Environment (11.0.2+9) (build 11.0.2+9-LTS)
# Java VM: Java HotSpot(TM) 64-Bit Server VM (11.0.2+9-LTS, mixed mode, tiered, compressed oops, g1 gc, windows-amd64)
Heap:
 garbage-first heap   total 262144K, used 88351K [0x00000000e0000000, 0x0000000100000000)
  region size 1024K, 60 young (61440K), 17 survivors (17408K)
 Metaspace       used 62553K, capacity 63921K, committed 64076K, reserved 311296K
  class space    used 7797K, capacity 8246K, committed 8268K, reserved 253952K
GC Heap History (10 events):
Event: 21.949 GC heap before
{Heap before GC invocations=6 (full 0):
 garbage-first heap   total 262144K, used 63387K [0x00000000e0000000, 0x0000000100000000)
  region size 1024K, 52 young (53248K), 4 survivors (4096K)
 Metaspace       used 28286K, capacity 28825K, committed 29184K, reserved 280576K
  class space    used 3533K, capacity 3717K, committed 3840K, reserved 253952K
}
Event: 21.971 GC heap after
{Heap after GC invocations=7 (full 0):
 garbage-first heap   total 262144K, used 17600K [0x00000000e0000000, 0x0000000100000000)
  region size 1024K, 6 young (6144K), 6 survivors (6144K)
 Metaspace       used 28286K, capacity 28825K, committed 29184K, reserved 280576K
  class space    used 3533K, capacity 3717K, committed 3840K, reserved 253952K
}
Event: 26.010 GC heap before
{Heap before GC invocations=7 (full 0):
 garbage-first heap   total 262144K, used 50368K [0x00000000e0000000, 0x0000000100000000)
  region size 1024K, 37 young (37888K), 6 survivors (6144K)
 Metaspace       used 35141K, capacity 35709K, committed 35840K, reserved 286720K
  class space    used 4191K, capacity 4405K, committed 4480K, reserved 253952K
}
Event: 26.059 GC heap after
{Heap after GC invocations=8 (full 0):
 garbage-first heap   total 262144K, used 20263K [0x00000000e0000000, 0x0000000100000000)
  region size 1024K, 8 young (8192K), 8 survivors (8192K)
 Metaspace       used 35141K, capacity 35709K, committed 35840K, reserved 286720K
  class space    used 4191K, capacity 4405K, committed 4480K, reserved 253952K
}
Event: 41.357 GC heap before
{Heap before GC invocations=9 (full 0):
 garbage-first heap   total 262144K, used 168743K [0x00000000e0000000, 0x0000000100000000)
  region size 1024K, 153 young (156672K), 8 survivors (8192K)
 Metaspace       used 48220K, capacity 49178K, committed 49408K, reserved 296960K
  class space    used 6075K, capacity 6359K, committed 6400K, reserved 253952K
}
Event: 41.425 GC heap after
{Heap after GC invocations=10 (full 0):
 garbage-first heap   total 262144K, used 28455K [0x00000000e0000000, 0x0000000100000000)
  region size 1024K, 16 young (16384K), 16 survivors (16384K)
 Metaspace       used 48220K, capacity 49178K, committed 49408K, reserved 296960K
  class space    used 6075K, capacity 6359K, committed 6400K, reserved 253952K
}
Event: 55.932 GC heap before
{Heap before GC invocations=10 (full 0):
 garbage-first heap   total 262144K, used 168743K [0x00000000e0000000, 0x0000000100000000)
  region size 1024K, 153 young (156672K), 16 survivors (16384K)
 Metaspace       used 52941K, capacity 54037K, committed 54144K, reserved 301056K
  class space    used 6618K, capacity 6984K, committed 7040K, reserved 253952K
}
Event: 56.010 GC heap after
{Heap after GC invocations=11 (full 0):
 garbage-first heap   total 262144K, used 37282K [0x00000000e0000000, 0x0000000100000000)
  region size 1024K, 17 young (17408K), 17 survivors (17408K)
 Metaspace       used 52941K, capacity 54037K, committed 54144K, reserved 301056K
  class space    used 6618K, capacity 6984K, committed 7040K, reserved 253952K
}
Event: 60.957 GC heap before
{Heap before GC invocations=11 (full 0):
 garbage-first heap   total 262144K, used 87458K [0x00000000e0000000, 0x0000000100000000)
  region size 1024K, 67 young (68608K), 17 survivors (17408K)
 Metaspace       used 58971K, capacity 60123K, committed 60160K, reserved 307200K
  class space    used 7414K, capacity 7799K, committed 7808K, reserved 253952K
}
Event: 61.091 GC heap after
{Heap after GC invocations=12 (full 0):
 garbage-first heap   total 262144K, used 45343K [0x00000000e0000000, 0x0000000100000000)
  region size 1024K, 17 young (17408K), 17 survivors (17408K)
 Metaspace       used 58971K, capacity 60123K, committed 60160K, reserved 307200K
  class space    used 7414K, capacity 7799K, committed 7808K, reserved 253952K
}

