# JRE version: Java(TM) SE Runtime Environment (11.0.2+9) (build 11.0.2+9-LTS)
# Java VM: Java HotSpot(TM) 64-Bit Server VM (11.0.2+9-LTS, mixed mode, tiered, compressed oops, g1 gc, windows-amd64)
Heap:
 garbage-first heap   total 262144K, used 79750K [0x00000000e0000000, 0x0000000100000000)
  region size 1024K, 62 young (63488K), 19 survivors (19456K)
 Metaspace       used 53410K, capacity 54569K, committed 54656K, reserved 303104K
  class space    used 6671K, capacity 7032K, committed 7040K, reserved 253952K
GC Heap History (10 events):
Event: 19.365 GC heap before
{Heap before GC invocations=3 (full 0):
 garbage-first heap   total 262144K, used 55450K [0x00000000e0000000, 0x0000000100000000)
  region size 1024K, 47 young (48128K), 4 survivors (4096K)
 Metaspace       used 20689K, capacity 21142K, committed 21248K, reserved 272384K
  class space    used 2572K, capacity 2742K, committed 2816K, reserved 253952K
}
Event: 19.389 GC heap after
{Heap after GC invocations=4 (full 0):
 garbage-first heap   total 262144K, used 14984K [0x00000000e0000000, 0x0000000100000000)
  region size 1024K, 3 young (3072K), 3 survivors (3072K)
 Metaspace       used 20689K, capacity 21142K, committed 21248K, reserved 272384K
  class space    used 2572K, capacity 2742K, committed 2816K, reserved 253952K
}
Event: 25.049 GC heap before
{Heap before GC invocations=5 (full 0):
 garbage-first heap   total 262144K, used 70280K [0x00000000e0000000, 0x0000000100000000)
  region size 1024K, 58 young (59392K), 3 survivors (3072K)
 Metaspace       used 29697K, capacity 30198K, committed 30336K, reserved 280576K
  class space    used 3695K, capacity 3854K, committed 3968K, reserved 253952K
}
Event: 25.070 GC heap after
{Heap after GC invocations=6 (full 0):
 garbage-first heap   total 262144K, used 17783K [0x00000000e0000000, 0x0000000100000000)
  region size 1024K, 6 young (6144K), 6 survivors (6144K)
 Metaspace       used 29697K, capacity 30198K, committed 30336K, reserved 280576K
  class space    used 3695K, capacity 3854K, committed 3968K, reserved 253952K
}
Event: 28.416 GC heap before
{Heap before GC invocations=6 (full 0):
 garbage-first heap   total 262144K, used 44407K [0x00000000e0000000, 0x0000000100000000)
  region size 1024K, 30 young (30720K), 6 survivors (6144K)
 Metaspace       used 35105K, capacity 35705K, committed 35840K, reserved 286720K
  class space    used 4190K, capacity 4405K, committed 4480K, reserved 253952K
}
Event: 28.444 GC heap after
{Heap after GC invocations=7 (full 0):
 garbage-first heap   total 262144K, used 20468K [0x00000000e0000000, 0x0000000100000000)
  region size 1024K, 8 young (8192K), 8 survivors (8192K)
 Metaspace       used 35105K, capacity 35705K, committed 35840K, reserved 286720K
  class space    used 4190K, capacity 4405K, committed 4480K, reserved 253952K
}
Event: 43.906 GC heap before
{Heap before GC invocations=8 (full 0):
 garbage-first heap   total 262144K, used 144372K [0x00000000e0000000, 0x0000000100000000)
  region size 1024K, 129 young (132096K), 8 survivors (8192K)
 Metaspace       used 46900K, capacity 47788K, committed 47872K, reserved 296960K
  class space    used 5878K, capacity 6139K, committed 6144K, reserved 253952K
}
Event: 43.955 GC heap after
{Heap after GC invocations=9 (full 0):
 garbage-first heap   total 262144K, used 26755K [0x00000000e0000000, 0x0000000100000000)
  region size 1024K, 14 young (14336K), 14 survivors (14336K)
 Metaspace       used 46900K, capacity 47788K, committed 47872K, reserved 296960K
  class space    used 5878K, capacity 6139K, committed 6144K, reserved 253952K
}
Event: 57.845 GC heap before
{Heap before GC invocations=9 (full 0):
 garbage-first heap   total 262144K, used 169091K [0x00000000e0000000, 0x0000000100000000)
  region size 1024K, 153 young (156672K), 14 survivors (14336K)
 Metaspace       used 52856K, capacity 53961K, committed 54144K, reserved 301056K
  class space    used 6615K, capacity 6982K, committed 7040K, reserved 253952K
}
Event: 57.935 GC heap after
{Heap after GC invocations=10 (full 0):
 garbage-first heap   total 262144K, used 36742K [0x00000000e0000000, 0x0000000100000000)
  region size 1024K, 19 young (19456K), 19 survivors (19456K)
 Metaspace       used 52856K, capacity 53961K, committed 54144K, reserved 301056K
  class space    used 6615K, capacity 6982K, committed 7040K, reserved 253952K
}

