# JRE version: Java(TM) SE Runtime Environment (11.0.2+9) (build 11.0.2+9-LTS)
# Java VM: Java HotSpot(TM) 64-Bit Server VM (11.0.2+9-LTS, mixed mode, tiered, compressed oops, g1 gc, windows-amd64)
Heap:
 garbage-first heap   total 262144K, used 98032K [0x00000000e0000000, 0x0000000100000000)
  region size 1024K, 86 young (88064K), 9 survivors (9216K)
 Metaspace       used 42131K, capacity 42803K, committed 42880K, reserved 292864K
  class space    used 5215K, capacity 5463K, committed 5504K, reserved 253952K
GC Heap History (10 events):
Event: 8.009 GC heap before
{Heap before GC invocations=2 (full 0):
 garbage-first heap   total 262144K, used 32222K [0x00000000e0000000, 0x0000000100000000)
  region size 1024K, 26 young (26624K), 1 survivors (1024K)
 Metaspace       used 11270K, capacity 11624K, committed 11904K, reserved 266240K
  class space    used 1209K, capacity 1297K, committed 1408K, reserved 253952K
}
Event: 8.018 GC heap after
{Heap after GC invocations=3 (full 0):
 garbage-first heap   total 262144K, used 11911K [0x00000000e0000000, 0x0000000100000000)
  region size 1024K, 4 young (4096K), 4 survivors (4096K)
 Metaspace       used 11270K, capacity 11624K, committed 11904K, reserved 266240K
  class space    used 1209K, capacity 1297K, committed 1408K, reserved 253952K
}
Event: 15.724 GC heap before
{Heap before GC invocations=3 (full 0):
 garbage-first heap   total 262144K, used 52871K [0x00000000e0000000, 0x0000000100000000)
  region size 1024K, 44 young (45056K), 4 survivors (4096K)
 Metaspace       used 19862K, capacity 20270K, committed 20608K, reserved 272384K
  class space    used 2450K, capacity 2574K, committed 2688K, reserved 253952K
}
Event: 15.744 GC heap after
{Heap after GC invocations=4 (full 0):
 garbage-first heap   total 262144K, used 14656K [0x00000000e0000000, 0x0000000100000000)
  region size 1024K, 3 young (3072K), 3 survivors (3072K)
 Metaspace       used 19862K, capacity 20270K, committed 20608K, reserved 272384K
  class space    used 2450K, capacity 2574K, committed 2688K, reserved 253952K
}
Event: 16.363 GC heap before
{Heap before GC invocations=4 (full 0):
 garbage-first heap   total 262144K, used 19776K [0x00000000e0000000, 0x0000000100000000)
  region size 1024K, 9 young (9216K), 3 survivors (3072K)
 Metaspace       used 20687K, capacity 21146K, committed 21248K, reserved 272384K
  class space    used 2572K, capacity 2742K, committed 2816K, reserved 253952K
}
Event: 16.377 GC heap after
{Heap after GC invocations=5 (full 0):
 garbage-first heap   total 262144K, used 14972K [0x00000000e0000000, 0x0000000100000000)
  region size 1024K, 4 young (4096K), 4 survivors (4096K)
 Metaspace       used 20687K, capacity 21146K, committed 21248K, reserved 272384K
  class space    used 2572K, capacity 2742K, committed 2816K, reserved 253952K
}
Event: 21.051 GC heap before
{Heap before GC invocations=6 (full 0):
 garbage-first heap   total 262144K, used 64124K [0x00000000e0000000, 0x0000000100000000)
  region size 1024K, 53 young (54272K), 4 survivors (4096K)
 Metaspace       used 28628K, capacity 29177K, committed 29440K, reserved 280576K
  class space    used 3567K, capacity 3749K, committed 3840K, reserved 253952K
}
Event: 21.073 GC heap after
{Heap after GC invocations=7 (full 0):
 garbage-first heap   total 262144K, used 17317K [0x00000000e0000000, 0x0000000100000000)
  region size 1024K, 6 young (6144K), 6 survivors (6144K)
 Metaspace       used 28628K, capacity 29177K, committed 29440K, reserved 280576K
  class space    used 3567K, capacity 3749K, committed 3840K, reserved 253952K
}
Event: 24.814 GC heap before
{Heap before GC invocations=7 (full 0):
 garbage-first heap   total 262144K, used 49061K [0x00000000e0000000, 0x0000000100000000)
  region size 1024K, 36 young (36864K), 6 survivors (6144K)
 Metaspace       used 35125K, capacity 35709K, committed 35840K, reserved 286720K
  class space    used 4194K, capacity 4405K, committed 4480K, reserved 253952K
}
Event: 24.845 GC heap after
{Heap after GC invocations=8 (full 0):
 garbage-first heap   total 262144K, used 20208K [0x00000000e0000000, 0x0000000100000000)
  region size 1024K, 9 young (9216K), 9 survivors (9216K)
 Metaspace       used 35125K, capacity 35709K, committed 35840K, reserved 286720K
  class space    used 4194K, capacity 4405K, committed 4480K, reserved 253952K
}

